{"name": "Basic login", "status": "broken", "statusDetails": {"message": "selenium.common.exceptions.NoSuchElementException: Message: no such element: Unable to locate element: {\"method\":\"xpath\",\"selector\":\"//a[@title='Edit your details']\"}\n  (Session info: chrome=96.0.4664.110)\n\n", "trace": "  File \"C:\\Users\\Kapil_Kumar\\IdeaProjects\\collabKT\\crouwdsource-tool\\cs-coreframework-python\\venv\\lib\\site-packages\\behave\\model.py\", line 1329, in run\n    match.run(runner.context)\n  File \"C:\\Users\\Kapil_Kumar\\IdeaProjects\\collabKT\\crouwdsource-tool\\cs-coreframework-python\\venv\\lib\\site-packages\\behave\\matchers.py\", line 98, in run\n    self.func(context, *args, **kwargs)\n  File \"features\\steps\\test_timesheet_bdd_sample.py\", line 24, in user_logged_in\n    assert context.pages.home_verify.is_text_link_welcome_username(\"clbuser1\")\n  File \"C:\\Users\\Kapil_Kumar\\IdeaProjects\\collabKT\\crouwdsource-tool\\cs-coreframework-python\\ui_pythonbehave\\pageobjects\\verifications\\HomePageVerification.py\", line 14, in is_text_link_welcome_username\n    return self.verify.is_text(self.link_welcome_username, text)\n  File \"C:\\Users\\Kapil_Kumar\\IdeaProjects\\collabKT\\crouwdsource-tool\\cs-coreframework-python\\framework\\ui\\base\\base_verifications.py\", line 23, in is_text\n    return self.locate.get_element(locator_string).text == expected_value\n  File \"C:\\Users\\Kapil_Kumar\\IdeaProjects\\collabKT\\crouwdsource-tool\\cs-coreframework-python\\framework\\ui\\base\\base_locator.py\", line 24, in get_element\n    return self.driver.find_element(*get_locator_by(locator))\n  File \"C:\\Users\\Kapil_Kumar\\IdeaProjects\\collabKT\\crouwdsource-tool\\cs-coreframework-python\\venv\\lib\\site-packages\\selenium\\webdriver\\remote\\webdriver.py\", line 976, in find_element\n    return self.execute(Command.FIND_ELEMENT, {\n  File \"C:\\Users\\Kapil_Kumar\\IdeaProjects\\collabKT\\crouwdsource-tool\\cs-coreframework-python\\venv\\lib\\site-packages\\selenium\\webdriver\\remote\\webdriver.py\", line 321, in execute\n    self.error_handler.check_response(response)\n  File \"C:\\Users\\Kapil_Kumar\\IdeaProjects\\collabKT\\crouwdsource-tool\\cs-coreframework-python\\venv\\lib\\site-packages\\selenium\\webdriver\\remote\\errorhandler.py\", line 242, in check_response\n    raise exception_class(message, screen, stacktrace)\n"}, "steps": [{"name": "Given the Timesheet home page is displayed", "status": "passed", "start": 1639765898437, "stop": 1639765900835}, {"name": "When the user enter username as \"clbuser1\" and password as \"password\" and clicks login", "status": "passed", "start": 1639765900835, "stop": 1639765901616}, {"name": "Then user should be navigated to welcome page", "status": "broken", "statusDetails": {"message": "selenium.common.exceptions.NoSuchElementException: Message: no such element: Unable to locate element: {\"method\":\"xpath\",\"selector\":\"//a[@title='Edit your details']\"}\n  (Session info: chrome=96.0.4664.110)\n\n", "trace": "  File \"C:\\Users\\Kapil_Kumar\\IdeaProjects\\collabKT\\crouwdsource-tool\\cs-coreframework-python\\venv\\lib\\site-packages\\behave\\model.py\", line 1329, in run\n    match.run(runner.context)\n  File \"C:\\Users\\Kapil_Kumar\\IdeaProjects\\collabKT\\crouwdsource-tool\\cs-coreframework-python\\venv\\lib\\site-packages\\behave\\matchers.py\", line 98, in run\n    self.func(context, *args, **kwargs)\n  File \"features\\steps\\test_timesheet_bdd_sample.py\", line 24, in user_logged_in\n    assert context.pages.home_verify.is_text_link_welcome_username(\"clbuser1\")\n  File \"C:\\Users\\Kapil_Kumar\\IdeaProjects\\collabKT\\crouwdsource-tool\\cs-coreframework-python\\ui_pythonbehave\\pageobjects\\verifications\\HomePageVerification.py\", line 14, in is_text_link_welcome_username\n    return self.verify.is_text(self.link_welcome_username, text)\n  File \"C:\\Users\\Kapil_Kumar\\IdeaProjects\\collabKT\\crouwdsource-tool\\cs-coreframework-python\\framework\\ui\\base\\base_verifications.py\", line 23, in is_text\n    return self.locate.get_element(locator_string).text == expected_value\n  File \"C:\\Users\\Kapil_Kumar\\IdeaProjects\\collabKT\\crouwdsource-tool\\cs-coreframework-python\\framework\\ui\\base\\base_locator.py\", line 24, in get_element\n    return self.driver.find_element(*get_locator_by(locator))\n  File \"C:\\Users\\Kapil_Kumar\\IdeaProjects\\collabKT\\crouwdsource-tool\\cs-coreframework-python\\venv\\lib\\site-packages\\selenium\\webdriver\\remote\\webdriver.py\", line 976, in find_element\n    return self.execute(Command.FIND_ELEMENT, {\n  File \"C:\\Users\\Kapil_Kumar\\IdeaProjects\\collabKT\\crouwdsource-tool\\cs-coreframework-python\\venv\\lib\\site-packages\\selenium\\webdriver\\remote\\webdriver.py\", line 321, in execute\n    self.error_handler.check_response(response)\n  File \"C:\\Users\\Kapil_Kumar\\IdeaProjects\\collabKT\\crouwdsource-tool\\cs-coreframework-python\\venv\\lib\\site-packages\\selenium\\webdriver\\remote\\errorhandler.py\", line 242, in check_response\n    raise exception_class(message, screen, stacktrace)\n"}, "start": 1639765901616, "stop": 1639765911686}], "attachments": [{"source": "9e78077d-93f9-4343-84ff-4b68c93c7381-attachment.png", "type": "image/png"}], "start": 1639765898436, "stop": 1639765911792, "uuid": "666e4754-ecd5-4624-ba3f-0f1d2f11d701", "historyId": "0bb124b1c5df937e5f3d11b31e2cc7b9", "fullName": "Timesheet basic login: Basic login", "labels": [{"name": "severity", "value": "normal"}, {"name": "tag", "value": "web"}, {"name": "feature", "value": "Timesheet basic login"}, {"name": "framework", "value": "behave"}, {"name": "language", "value": "cpython3"}]}